********************************************************************************
DUPLICATOR-LITE PACKAGE-LOG: September 18, 2021 5:57 am
NOTICE: Do NOT post to public sites or forums 
********************************************************************************
VERSION:	1.4.3
WORDPRESS:	5.8.1
PHP INFO:	8.0.2 | SAPI: apache2handler
SERVER:		Apache/2.4.46 (Win64) OpenSSL/1.1.1h PHP/8.0.2 
PHP TIME LIMIT: (0) no time limit imposed 
PHP MAX MEMORY: 4294967296 (512M default) 
MEMORY STACK: 6MB

********************************************************************************
DATABASE:
********************************************************************************
BUILD MODE:   MYSQLDUMP
MYSQLTIMEOUT: 5000
MYSQLDUMP:    Is Supported
SQL CREATED: 20210918_halshardware_d2cc654f7b95218b3249_20210918055657_database.sql
SQL FILE SIZE: 740.32KB (758089)
SQL FILE TIME: 2021-09-18 05:57:15
SQL RUNTIME: 2.44 sec.

********************************************************************************
ARCHIVE (ZIP):
********************************************************************************
ARCHIVE DIR:  C:/xampp/htdocs/HalsHardware
ARCHIVE FILE: 20210918_halshardware_d2cc654f7b95218b3249_20210918055657_archive.zip
FILTERS: *OFF*
DIRS:
	not set
FILES:
	not set
EXTS:  not set
----------------------------------------
COMPRESSING
SIZE:	184.54MB
STATS:	Dirs 1,866 | Files 10,212
SQL ADDED: 20210918_halshardware_d2cc654f7b95218b3249_20210918055657_database.sql
ZipArchive Object
(
    [lastId] => 12077
    [status] => 0
    [statusSys] => 0
    [numFiles] => 12078
    [filename] => C:\xampp\htdocs\HalsHardware\wp-content\backups-dup-lite\tmp\20210918_halshardware_d2cc654f7b95218b3249_20210918055657_archive.zip
    [comment] => 
)

FILE ADDED TO ZIP: 12077
COMPRESSION RESULT: '1'
COMPRESSED SIZE: 95.42MB
ARCHIVE RUNTIME: 113.13 sec.
MEMORY STACK: 8MB
building installer
add_extra_files1
add_extra_files2
add_extra_files3
add_extra_files4
Doing archive file check
add_extra_files5
add_extra_files6
add_extra_files8
Successfully opened zip C:/xampp/htdocs/HalsHardware/wp-content/backups-dup-lite/tmp/20210918_halshardware_d2cc654f7b95218b3249_20210918055657_archive.zip
Adding enhanced installer files to archive using ZipArchive
Installer files added to archive
Added to archive
After ziparchive close when adding installer

********************************************************************************
INTEGRITY CHECKS:
********************************************************************************
SQL FILE: 740.32KB
INSTALLER FILE: 64.26KB
ARCHIVE FILE: 96.46MB 
EXPECTED FILE/DIRECTORY COUNT: 12,078
ACTUAL FILE/DIRECTORY COUNT: 12,077
ARCHIVE CONSISTENCY TEST: Pass

********************************************************************************
RECORD ID:[1]
TOTAL PROCESS RUNTIME: 117.28 sec.
PEAK PHP MEMORY USED: 10MB
DONE PROCESSING => 20210918_halshardware September 18, 2021 5:59 am

